<?xml version='1.0' encoding='UTF-8' ?>
<testsuite name="com.androidlesson.calculator.CalculatorTest" tests="5" failures="0" errors="0" skipped="0" time="12.569" timestamp="2024-12-17T22:47:57" hostname="localhost">
  <properties>
    <property name="device" value="Medium_Phone_API_35(AVD) - 15" />
    <property name="flavor" value="" />
    <property name="project" value=":app" />
  </properties>
  <testcase name="additionWithEmptyInput" classname="com.androidlesson.calculator.CalculatorTest" time="4.041" />
  <testcase name="additionWithNonNumericInput" classname="com.androidlesson.calculator.CalculatorTest" time="2.36" />
  <testcase name="additionOfPositiveAndNegativeNumber" classname="com.androidlesson.calculator.CalculatorTest" time="1.748" />
  <testcase name="additionOfTwoPositiveNumbers" classname="com.androidlesson.calculator.CalculatorTest" time="1.721" />
  <testcase name="additionOfTwoNegativeNumbers" classname="com.androidlesson.calculator.CalculatorTest" time="1.828" />
</testsuite>